<?xml version="1.0" encoding="UTF-8"?>
<testng-results ignored="0" total="2" passed="2" failed="0" skipped="0">
  <reporter-output>
  </reporter-output>
  <suite started-at="2022-09-23T13:19:20 IST" name="Suite" finished-at="2022-09-23T13:20:33 IST" duration-ms="72433">
    <groups>
    </groups>
    <test started-at="2022-09-23T13:19:20 IST" name="Test" finished-at="2022-09-23T13:20:33 IST" duration-ms="72433">
      <class name="Testcases.TestcasesDome">
        <test-method signature="setup()[pri:0, instance:Testcases.TestcasesDome@7dc19a70]" started-at="2022-09-23T13:19:20 IST" name="setup" finished-at="2022-09-23T13:19:28 IST" duration-ms="7296" status="PASS">
          <reporter-output>
          </reporter-output>
        </test-method> <!-- setup -->
        <test-method signature="Signupcheck()[pri:1, instance:Testcases.TestcasesDome@7dc19a70]" started-at="2022-09-23T13:19:28 IST" name="Signupcheck" finished-at="2022-09-23T13:20:33 IST" duration-ms="65074" status="PASS">
          <reporter-output>
          </reporter-output>
        </test-method> <!-- Signupcheck -->
      </class> <!-- Testcases.TestcasesDome -->
    </test> <!-- Test -->
  </suite> <!-- Suite -->
</testng-results>
